2022-01-21 16:37:44|   0.0|  0.0|INFORM|Current FME version: FME 2021.2.1.0 (20211203 - Build 21797 - WIN64)
2022-01-21 16:37:44|   0.0|  0.0|INFORM|FME_HOME is 'D:\FME\'
2022-01-21 16:37:44|   0.0|  0.0|INFORM|FME Trial Edition (node locked-crc)
2022-01-21 16:37:44|   0.0|  0.0|INFORM|Serial Number: 0
2022-01-21 16:37:44|   0.0|  0.0|INFORM|Temporary License: 8 days left.
2022-01-21 16:37:44|   0.0|  0.0|INFORM|Machine host name is: LAPTOP-1HCQBRS2
2022-01-21 16:37:44|   0.0|  0.0|INFORM|Locale: pl_PL
2022-01-21 16:37:44|   0.0|  0.0|INFORM|System Encoding: windows-1250
2022-01-21 16:37:44|   0.0|  0.0|INFORM|FME Configuration: FME_BASE is 'no'
2022-01-21 16:37:44|   0.0|  0.0|INFORM|FME Configuration: FME_MF_DIR is 'C:\Users\Kacper\Documents\GitHub\BazyDanychPrzestrzennych\cw11/'
2022-01-21 16:37:44|   0.0|  0.0|INFORM|FME Configuration: FME_MF_NAME is 'mailer.fmw'
2022-01-21 16:37:44|   0.0|  0.0|INFORM|FME Configuration: FME_PRODUCT_NAME is 'FME(R) 2021.2.1.0'
2022-01-21 16:37:44|   0.0|  0.0|INFORM|Operating System: Microsoft Windows 10 64-bit  (Build 19042)
2022-01-21 16:37:44|   0.0|  0.0|INFORM|FME Platform: WIN64
2022-01-21 16:37:44|   0.0|  0.0|INFORM|System Status: 2.76 GB of disk space available in the FME temporary folder (C:\Users\Kacper\AppData\Local\Temp\wbrun_1642581957689_15228\fmetmp_26)
2022-01-21 16:37:44|   0.0|  0.0|INFORM|System Status: 7.91 GB of physical memory available
2022-01-21 16:37:44|   0.0|  0.0|INFORM|System Status: 31.65 GB of virtual memory available
2022-01-21 16:37:44|   0.0|  0.0|INFORM|START - ProcessID: 9116, peak process memory usage: 42324 kB, current process memory usage: 42324 kB
2022-01-21 16:37:44|   0.0|  0.0|INFORM|FME Configuration: Command line arguments are `D:\FME\fme.exe' `C:/Users/Kacper/Documents/GitHub/BazyDanychPrzestrzennych/cw11\wb-xlate-1642779459290_15228' `LOG_STANDARDOUT' `YES' `LogCountServerName' `{9a49b06e-1dae-48ef-8a69-5bfcf21b13f1}'
2022-01-21 16:37:44|   0.0|  0.0|INFORM|FME Configuration: Connection Storage: 'C:\Users\Kacper\AppData\Roaming\Safe Software\FME\'
2022-01-21 16:37:44|   0.0|  0.0|INFORM|Using Python interpreter from `D:\FME\fmepython38\python38.dll' with PYTHONHOME `D:\FME\fmepython38'
2022-01-21 16:37:44|   0.0|  0.0|INFORM|Python version 3.8 loaded successfully
2022-01-21 16:37:44|   0.0|  0.0|INFORM|FME_BEGIN_PYTHON: evaluating python script from string...
2022-01-21 16:37:46|   0.0|  0.0|INFORM|Wysłano email!
2022-01-21 16:37:46|   0.0|  0.0|INFORM|FME_BEGIN_PYTHON: python script execution complete.
2022-01-21 16:37:46|   0.1|  0.1|INFORM|Shared folders for formats are : D:\FME\datasources;C:\Users\Kacper\Documents\FME\Formats
2022-01-21 16:37:46|   0.1|  0.0|INFORM|Shared folders for transformers are : C:\Users\Kacper\AppData\Roaming\Safe Software\FME\Packages\21797-win64\transformers;D:\FME\transformers;C:\Users\Kacper\AppData\Roaming\Safe Software\FME\FME Store\Transformers
2022-01-21 16:37:46|   0.1|  0.0|INFORM|Shared folders for coordinate systems are : C:\Users\Kacper\Documents\FME\CoordinateSystems
2022-01-21 16:37:46|   0.1|  0.0|INFORM|Shared folders for coordinate system exceptions are : C:\Users\Kacper\Documents\FME\CoordinateSystemExceptions
2022-01-21 16:37:46|   0.1|  0.0|INFORM|Shared folders for coordinate system grid overrides are : C:\Users\Kacper\Documents\FME\CoordinateSystemGridOverrides
2022-01-21 16:37:46|   0.1|  0.0|INFORM|Shared folders for CS-MAP transformation exceptions are : C:\Users\Kacper\Documents\FME\CsmapTransformationExceptions
2022-01-21 16:37:46|   0.1|  0.0|INFORM|Shared folders for transformer categories are : C:\Users\Kacper\Documents\FME\TransformerCategories
2022-01-21 16:37:46|   0.1|  0.0|INFORM|FME Configuration: Reader Keyword is `MULTI_READER'
2022-01-21 16:37:46|   0.1|  0.0|INFORM|FME Configuration: Writer Keyword is `MULTI_WRITER'
2022-01-21 16:37:46|   0.1|  0.0|INFORM|FME Configuration: Writer Group Definition Keyword is `MULTI_WRITER_DEF'
2022-01-21 16:37:46|   0.1|  0.0|INFORM|FME Configuration: Reader type is `MULTI_READER'
2022-01-21 16:37:46|   0.1|  0.0|INFORM|FME Configuration: Writer type is `MULTI_WRITER'
2022-01-21 16:37:46|   0.1|  0.0|INFORM|FME Configuration: No destination coordinate system set
2022-01-21 16:37:46|   0.1|  0.0|INFORM|FME Configuration: Current working folder is `C:\Users\Kacper\Documents\GitHub\BazyDanychPrzestrzennych\cw11'
2022-01-21 16:37:46|   0.1|  0.0|INFORM|FME Configuration: Temporary folder is `C:\Users\Kacper\AppData\Local\Temp\wbrun_1642581957689_15228\fmetmp_26', set from environment variable `FME_TEMP'
2022-01-21 16:37:46|   0.1|  0.0|INFORM|FME Configuration: Cache folder is 'C:\Users\Kacper\AppData\Local\Temp'
2022-01-21 16:37:46|   0.1|  0.0|INFORM|FME Configuration: FME_HOME is `D:\FME\'
2022-01-21 16:37:46|   0.1|  0.0|INFORM|FME Configuration: Start freeing memory when the process exceeds 23.73 GB
2022-01-21 16:37:46|   0.1|  0.0|INFORM|FME Configuration: Stop freeing memory when the process is below 17.80 GB
2022-01-21 16:37:46|   0.2|  0.1|INFORM|Creating writer for format: 
2022-01-21 16:37:46|   0.2|  0.0|INFORM|Creating reader for format: 
2022-01-21 16:37:46|   0.2|  0.0|INFORM|MULTI_READER(MULTI_READER): Will fail with first member reader failure
2022-01-21 16:37:46|   0.2|  0.0|INFORM|Using Multi Reader with keyword `MULTI_READER' to read multiple datasets
2022-01-21 16:37:46|   0.2|  0.0|INFORM|Using MultiWriter with keyword `MULTI_WRITER' to output data (ID_ATTRIBUTE is `multi_writer_id')
2022-01-21 16:37:46|   0.2|  0.0|INFORM|Writer output will be ordered by value of multi_writer_id
2022-01-21 16:37:46|   0.2|  0.0|INFORM|Loaded module 'LogCount_func' from file 'D:\FME\plugins/LogCount_func.dll'
2022-01-21 16:37:46|   0.2|  0.0|INFORM|FME API version of module 'LogCount_func' matches current internal version (3.8 20210302)
2022-01-21 16:37:46|   0.2|  0.0|INFORM|Emptying factory pipeline
2022-01-21 16:37:46|   0.2|  0.0|STATS |Router and Unexpected Input Remover (RoutingFactory): Tested 0 input feature(s), wrote 0 output feature(s): 0 matched merge filters, 0 were routed to output, 0 could not be routed.
2022-01-21 16:37:46|   0.2|  0.0|STATS |Unexpected Input Remover Nuker (TeeFactory): Cloned 0 input feature(s) into 0 output feature(s)
2022-01-21 16:37:46|   0.2|  0.0|STATS |Powiaty_SHAPEFILE_1 Splitter (TeeFactory): Cloned 0 input feature(s) into 0 output feature(s)
2022-01-21 16:37:46|   0.2|  0.0|STATS |Restoring 1 feature(s) from FME feature store file `C:\Users\Kacper\AppData\Local\Temp\wb-cache-mailer-VqWQDM\Main_Reprojector -1 5 fo 0 REPROJECTED  0  e34c0a7b4f84ce6667d30110dda94135cc985ed0.ffs'
2022-01-21 16:37:46|   0.2|  0.0|INFORM|Terminator (TestFactory): Splitting bulk features into individual features
2022-01-21 16:37:47|   0.2|  0.0|FATAL |The below feature caused the translation to be terminated
2022-01-21 16:37:47|   0.2|  0.0|STATS |Storing feature(s) to FME feature store file `C:\Users\Kacper\Documents\GitHub\BazyDanychPrzestrzennych\cw11\mailer_log.ffs'
2022-01-21 16:37:47|   0.2|  0.0|INFORM|+++++++++++++++++++++++++++++++++++++++++++++++++++++++++++++++++++++++++++
2022-01-21 16:37:47|   0.2|  0.0|INFORM|Feature Type: `Reprojector_REPROJECTED'
2022-01-21 16:37:47|   0.2|  0.0|INFORM|Attribute(64 bit real)                    : `ID_BUFORA1' has value `14970'
2022-01-21 16:37:47|   0.2|  0.0|INFORM|Attribute(64 bit real)                    : `ID_BUFORA_' has value `0'
2022-01-21 16:37:47|   0.2|  0.0|INFORM|Attribute(32 bit integer)                 : `ID_BUFOR_1' has value `0'
2022-01-21 16:37:47|   0.2|  0.0|INFORM|Attribute(32 bit integer)                 : `ID_TECHNIC' has value `829015'
2022-01-21 16:37:47|   0.2|  0.0|INFORM|Attribute(string: UTF-8)                  : `IIP_IDENTY' has value `3104c00e-f86d-4d1a-ac9e-8c85e101ac95'
2022-01-21 16:37:47|   0.2|  0.0|INFORM|Attribute(string: UTF-8)                  : `IIP_PRZEST' has value `PL.PZGIK.200'
2022-01-21 16:37:47|   0.2|  0.0|INFORM|Attribute(string: UTF-8)                  : `IIP_WERSJA' has value `2013-07-11T08:30:38+02:00'
2022-01-21 16:37:47|   0.2|  0.0|INFORM|Attribute(32 bit integer)                 : `JPT_ID' has value `829015'
2022-01-21 16:37:47|   0.2|  0.0|INFORM|Attribute(32 bit integer)                 : `JPT_JOR_ID' has value `13412'
2022-01-21 16:37:47|   0.2|  0.0|INFORM|Attribute(string: UTF-8)                  : `JPT_KJ_IIP' has value `EGIB'
2022-01-21 16:37:47|   0.2|  0.0|INFORM|Attribute(string: UTF-8)                  : `JPT_KJ_I_1' has value `1206'
2022-01-21 16:37:47|   0.2|  0.0|INFORM|Attribute(string: UTF-8)                  : `JPT_KOD_JE' has value `1206'
2022-01-21 16:37:47|   0.2|  0.0|INFORM|Attribute(string: UTF-8)                  : `JPT_NAZWA_' has value `powiat krakowski'
2022-01-21 16:37:47|   0.2|  0.0|INFORM|Attribute(string: UTF-8)                  : `JPT_ORGAN1' has value `NZN'
2022-01-21 16:37:47|   0.2|  0.0|INFORM|Attribute(string: UTF-8)                  : `JPT_SJR_KO' has value `POW'
2022-01-21 16:37:47|   0.2|  0.0|INFORM|Attribute(string: UTF-8)                  : `JPT_SPS_KO' has value `UZG'
2022-01-21 16:37:47|   0.2|  0.0|INFORM|Attribute(string: UTF-8)                  : `JPT_WAZNA_' has value `NZN'
2022-01-21 16:37:47|   0.2|  0.0|INFORM|Attribute(64 bit real)                    : `Shape_Area' has value `0.15471772041'
2022-01-21 16:37:47|   0.2|  0.0|INFORM|Attribute(64 bit real)                    : `Shape_Leng' has value `4.3505728078'
2022-01-21 16:37:47|   0.2|  0.0|INFORM|Attribute(string: UTF-8)                  : `WAZNY_DO' has value `00000000'
2022-01-21 16:37:47|   0.2|  0.0|INFORM|Attribute(string: UTF-8)                  : `WAZNY_OD' has value `20120926'
2022-01-21 16:37:47|   0.2|  0.0|INFORM|Attribute(string: UTF-8)                  : `WERSJA_DO' has value `00000000'
2022-01-21 16:37:47|   0.2|  0.0|INFORM|Attribute(string: UTF-8)                  : `WERSJA_OD' has value `20130711'
2022-01-21 16:37:47|   0.2|  0.0|INFORM|Attribute(string: windows-1250)           : `fme_feature_type' has value `Powiaty'
2022-01-21 16:37:47|   0.2|  0.0|INFORM|Attribute(string: windows-1250)           : `fme_geometry' has value `fme_aggregate'
2022-01-21 16:37:47|   0.2|  0.0|INFORM|Attribute(entangled: string: windows-1250): `fme_type' has value `fme_area'
2022-01-21 16:37:47|   0.2|  0.0|INFORM|          entangled to shapefile_type
2022-01-21 16:37:47|   0.2|  0.0|INFORM|Attribute(32 bit integer)                 : `multi_reader_full_id' has value `0'
2022-01-21 16:37:47|   0.2|  0.0|INFORM|Attribute(32 bit integer)                 : `multi_reader_id' has value `0'
2022-01-21 16:37:47|   0.2|  0.0|INFORM|Attribute(string: windows-1250)           : `multi_reader_keyword' has value `SHAPEFILE_1'
2022-01-21 16:37:47|   0.2|  0.0|INFORM|Attribute(string: windows-1250)           : `multi_reader_type' has value `SHAPEFILE'
2022-01-21 16:37:47|   0.2|  0.0|INFORM|Attribute(string: UTF-8)                  : `shapefile_type' has value `shapefile_polygon'
2022-01-21 16:37:47|   0.2|  0.0|INFORM|Coordinate System: `LL84'
2022-01-21 16:37:47|   0.2|  0.0|INFORM|Geometry Type: IFMEMultiArea
2022-01-21 16:37:47|   0.2|  0.0|INFORM|Name(UTF-8): `shapefile'
2022-01-21 16:37:47|   0.2|  0.0|INFORM|Number of Areas: 2
2022-01-21 16:37:47|   0.2|  0.0|INFORM|--------------------------------------
2022-01-21 16:37:47|   0.2|  0.0|INFORM|Area Number: 0
2022-01-21 16:37:47|   0.2|  0.0|INFORM|   Geometry Type: IFMEPolygon
2022-01-21 16:37:47|   0.2|  0.0|INFORM|   Boundary:
2022-01-21 16:37:47|   0.2|  0.0|INFORM|      Geometry Type: IFMELine
2022-01-21 16:37:47|   0.2|  0.0|INFORM|      Number of Coordinates: 18847 -- Coordinate Dimension: 2
2022-01-21 16:37:47|   0.2|  0.0|INFORM|      (20.044707062999944,50.11032232046792)(20.044693712999983,50.11032571746791)(20.04419324899996,50.11068772046791)(20.04418346199995,50.11069474246793)(20.04417904199996,50.110699022467884)
2022-01-21 16:37:47|   0.2|  0.0|INFORM|      (20.043689595999947,50.111181325467925)(20.043662782999967,50.11120780846792)(20.043654262999972,50.11121439246793)(20.043644041999947,50.11122213046789)(20.04359278899997,50.11126126946793)
2022-01-21 16:37:47|   0.2|  0.0|INFORM|      ...Skipping coordinates...
2022-01-21 16:37:47|   0.2|  0.0|INFORM|      (20.045625524999963,50.11095377046787)(20.045559680999954,50.11103774646793)(20.045473447999964,50.11115563146793)
2022-01-21 16:37:47|   0.2|  0.0|INFORM|      (20.045446420999976,50.111136707467914)(20.045443195999972,50.11113011746793)(20.04526085499995,50.11097657746793)(20.045218479999985,50.110941972467934)(20.04500589499994,50.110685233467926)
2022-01-21 16:37:47|   0.2|  0.0|INFORM|      (20.04482376299998,50.1104650694679)(20.044707062999944,50.11032232046792)
2022-01-21 16:37:47|   0.2|  0.0|INFORM|--------------------------------------
2022-01-21 16:37:47|   0.2|  0.0|INFORM|Area Number: 1
2022-01-21 16:37:47|   0.2|  0.0|INFORM|   Geometry Type: IFMEPolygon
2022-01-21 16:37:47|   0.2|  0.0|INFORM|   Boundary:
2022-01-21 16:37:47|   0.2|  0.0|INFORM|      Geometry Type: IFMELine
2022-01-21 16:37:47|   0.2|  0.0|INFORM|      Number of Coordinates: 2048 -- Coordinate Dimension: 2
2022-01-21 16:37:47|   0.2|  0.0|INFORM|      (20.18492875699992,50.08606720946782)(20.185345087999973,50.08613891446779)(20.185551311999927,50.08616562646782)(20.185948568999958,50.086216785467805)(20.186266441999926,50.08622737646781)
2022-01-21 16:37:47|   0.2|  0.0|INFORM|      (20.186600570999943,50.08623520246779)(20.18696450099993,50.08624917046783)(20.187485260999956,50.086277362467825)(20.18759989799992,50.086282749467806)(20.187657538999943,50.0862870194678)
2022-01-21 16:37:47|   0.2|  0.0|INFORM|      ...Skipping coordinates...
2022-01-21 16:37:47|   0.2|  0.0|INFORM|      (20.186103847999966,50.085249794467785)(20.18573215999994,50.08533125546783)
2022-01-21 16:37:47|   0.2|  0.0|INFORM|      (20.18559181599995,50.08536695546778)(20.185413652999962,50.08543268946781)(20.185252143999953,50.0855298294678)(20.18511409599996,50.08564439746782)(20.18502814199997,50.085752317467815)
2022-01-21 16:37:47|   0.2|  0.0|INFORM|      (20.184960503999957,50.085884372467795)(20.184935774999936,50.08597474046777)(20.18492875699992,50.08606720946782)
2022-01-21 16:37:47|   0.2|  0.0|INFORM|===========================================================================
2022-01-21 16:37:47|   0.2|  0.0|ERROR |Terminator (TestFactory): Terminator: Termination Message: 'Nie istnieje zobrazowanie spełniające kryteria określone w poniższych parametrach wejściowych:
stopień zachmurzenia: 40
data początkowa: 20220106000000
data końcowa: 20220116000000
powiat: powiat krakowski'
2022-01-21 16:37:47|   0.2|  0.0|ERROR |Reprojector_REPROJECTED_-1_32_Player (RecorderFactory): Terminator: Termination Message: 'Nie istnieje zobrazowanie spełniające kryteria określone w poniższych parametrach wejściowych:
stopień zachmurzenia: 40
data początkowa: 20220106000000
data końcowa: 20220116000000
powiat: powiat krakowski'
2022-01-21 16:37:47|   0.2|  0.0|INFORM|Translation FAILED with 3 error(s) and 0 warning(s) (0 feature(s) output)
2022-01-21 16:37:47|   0.2|  0.0|STATS |Stored 1 feature(s) to FME feature store file `C:\Users\Kacper\Documents\GitHub\BazyDanychPrzestrzennych\cw11\mailer_log.ffs'
2022-01-21 16:37:47|   0.2|  0.0|INFORM|FME Session Duration: 2.6 seconds. (CPU: 0.1s user, 0.1s system)
2022-01-21 16:37:47|   0.2|  0.0|INFORM|END - ProcessID: 9116, peak process memory usage: 57708 kB, current process memory usage: 57708 kB
